mode: count
github.com/bvisonl/gomod/v1/list.go:18.32,20.2 1 1
github.com/bvisonl/gomod/v1/list_controller.go:18.55,30.16 6 1
github.com/bvisonl/gomod/v1/list_controller.go:30.16,33.3 2 0
github.com/bvisonl/gomod/v1/list_controller.go:33.8,36.3 1 1
github.com/bvisonl/gomod/v1/list_controller.go:45.54,54.16 5 1
github.com/bvisonl/gomod/v1/list_controller.go:60.2,63.27 3 1
github.com/bvisonl/gomod/v1/list_controller.go:54.16,58.3 3 0
github.com/bvisonl/gomod/v1/list_controller.go:71.57,77.16 3 1
github.com/bvisonl/gomod/v1/list_controller.go:83.2,87.26 3 1
github.com/bvisonl/gomod/v1/list_controller.go:93.2,95.16 2 1
github.com/bvisonl/gomod/v1/list_controller.go:101.2,103.16 2 1
github.com/bvisonl/gomod/v1/list_controller.go:109.2,112.27 3 1
github.com/bvisonl/gomod/v1/list_controller.go:77.16,81.3 3 0
github.com/bvisonl/gomod/v1/list_controller.go:87.26,91.3 3 0
github.com/bvisonl/gomod/v1/list_controller.go:95.16,99.3 3 0
github.com/bvisonl/gomod/v1/list_controller.go:103.16,107.3 3 0
github.com/bvisonl/gomod/v1/list_controller.go:120.57,126.16 3 1
github.com/bvisonl/gomod/v1/list_controller.go:132.2,139.16 4 1
github.com/bvisonl/gomod/v1/list_controller.go:145.2,145.26 1 1
github.com/bvisonl/gomod/v1/list_controller.go:151.2,155.16 3 1
github.com/bvisonl/gomod/v1/list_controller.go:161.2,164.27 3 1
github.com/bvisonl/gomod/v1/list_controller.go:126.16,130.3 3 0
github.com/bvisonl/gomod/v1/list_controller.go:139.16,143.3 3 0
github.com/bvisonl/gomod/v1/list_controller.go:145.26,149.3 3 0
github.com/bvisonl/gomod/v1/list_controller.go:155.16,159.3 3 0
github.com/bvisonl/gomod/v1/list_controller.go:172.57,181.16 5 1
github.com/bvisonl/gomod/v1/list_controller.go:187.2,187.37 1 1
github.com/bvisonl/gomod/v1/list_controller.go:181.16,185.3 3 0
github.com/bvisonl/gomod/v1/main.go:23.46,49.2 8 1
github.com/bvisonl/gomod/v1/main.go:51.13,61.28 5 0
github.com/bvisonl/gomod/v1/main.go:68.2,79.12 7 0
github.com/bvisonl/gomod/v1/main.go:61.28,63.53 2 0
github.com/bvisonl/gomod/v1/main.go:63.53,65.4 1 0
